
> easy-resume-builder@0.1.0 dev /home/remcostoeten/sites/easy-resume-builder
> next dev --port 3001

   [1m[38;2;173;127;168m▲ Next.js 15.2.4[39m[22m
   - Local:        http://localhost:3001
   - Network:      http://192.168.1.92:3001
   - Environments: .env
   - Experiments (use with caution):
     [1m✓[22m optimizeCss

 [32m[1m✓[22m[39m Starting...
 [32m[1m✓[22m[39m Ready in 1616ms
 [37m[1m○[22m[39m Compiling / ...
 [32m[1m✓[22m[39m Compiled / in 6.4s (3384 modules)
 HEAD / [32m200[39m in 7074ms
 [37m[1m○[22m[39m Compiling /api/parse-pdf ...
 [32m[1m✓[22m[39m Compiled /api/parse-pdf in 1053ms (3422 modules)
 POST /api/parse-pdf [33m400[39m in 1250ms
 [32m[1m✓[22m[39m Compiled in 359ms (1775 modules)
 [32m[1m✓[22m[39m Compiled in 271ms (1672 modules)
 [32m[1m✓[22m[39m Compiled in 395ms (1672 modules)
 [32m[1m✓[22m[39m Compiled in 228ms (1672 modules)
 [32m[1m✓[22m[39m Compiled in 282ms (1672 modules)
 [32m[1m✓[22m[39m Compiled in 246ms (1672 modules)
 [32m[1m✓[22m[39m Compiled /api/parse-pdf-mock in 174ms (1741 modules)
 POST /api/parse-pdf-mock [32m200[39m in 227ms
